build/jsb-default/frameworks/runtime-src/proj.android-studio/app/build/outputs/logs/manifest-merger-release-report.txt
-- Merging decision tree log ---
manifest
ADDED from proj.android-studio\app\AndroidManifest.xml:2:1-42:12
INJECTED from proj.android-studio\app\AndroidManifest.xml:2:1-42:12
INJECTED from proj.android-studio\app\AndroidManifest.xml:2:1-42:12
INJECTED from proj.android-studio\app\AndroidManifest.xml:2:1-42:12
MERGED from [:libcocos2dx] AndroidManifest.xml:2:1-13:12
MERGED from [com.google.android.gms:play-services-ads:17.2.0] AndroidManifest.xml:17:1-25:12
MERGED from [com.android.support:customtabs:26.1.0] AndroidManifest.xml:17:1-28:12
MERGED from [com.google.android.gms:play-services-ads-lite:17.2.0] AndroidManifest.xml:17:1-42:12
MERGED from [com.google.android.gms:play-services-gass:17.2.0] AndroidManifest.xml:2:1-9:12
MERGED from [com.google.android.gms:play-services-ads-base:17.2.0] AndroidManifest.xml:2:1-9:12
MERGED from [com.google.android.gms:play-services-ads-identifier:16.0.0] AndroidManifest.xml:17:1-24:12
MERGED from [com.google.android.gms:play-services-measurement-sdk-api:16.3.0] AndroidManifest.xml:17:1-30:12
MERGED from [com.google.android.gms:play-services-measurement-base:16.3.0] AndroidManifest.xml:2:1-9:12
MERGED from [com.google.android.gms:play-services-basement:16.0.1] AndroidManifest.xml:17:1-28:12
MERGED from [com.android.support:support-v4:26.1.0] AndroidManifest.xml:17:1-31:12
MERGED from [com.android.support:support-media-compat:26.1.0] AndroidManifest.xml:17:1-31:12
MERGED from [com.android.support:support-fragment:26.1.0] AndroidManifest.xml:17:1-31:12
MERGED from [com.android.support:support-core-utils:26.1.0] AndroidManifest.xml:17:1-31:12
MERGED from [com.android.support:support-core-ui:26.1.0] AndroidManifest.xml:17:1-31:12
MERGED from [com.android.support:support-compat:26.1.0] AndroidManifest.xml:17:1-31:12
MERGED from [android.arch.lifecycle:runtime:1.0.0] AndroidManifest.xml:17:1-30:12
INJECTED from proj.android-studio\app\AndroidManifest.xml:2:1-42:12
INJECTED from proj.android-studio\app\AndroidManifest.xml:2:1-42:12
INJECTED from proj.android-studio\app\AndroidManifest.xml:2:1-42:12
	package
		ADDED from proj.android-studio\app\AndroidManifest.xml:3:5-35
		INJECTED from proj.android-studio\app\AndroidManifest.xml
		INJECTED from proj.android-studio\app\AndroidManifest.xml
	android:versionName
		INJECTED from proj.android-studio\app\AndroidManifest.xml
		ADDED from proj.android-studio\app\AndroidManifest.xml:2:1-42:12
		INJECTED from proj.android-studio\app\AndroidManifest.xml
	android:versionCode
		INJECTED from proj.android-studio\app\AndroidManifest.xml
		ADDED from proj.android-studio\app\AndroidManifest.xml:2:1-42:12
		INJECTED from proj.android-studio\app\AndroidManifest.xml
	xmlns:android
		ADDED from proj.android-studio\app\AndroidManifest.xml:2:11-69
	android:installLocation
		ADDED from proj.android-studio\app\AndroidManifest.xml:4:5-35
uses-feature#0x00020000
ADDED from proj.android-studio\app\AndroidManifest.xml:6:5-54
	android:glEsVersion
		ADDED from proj.android-studio\app\AndroidManifest.xml:6:19-51
uses-permission#android.permission.INTERNET
ADDED from proj.android-studio\app\AndroidManifest.xml:8:5-66
MERGED from [com.google.android.gms:play-services-ads-lite:17.2.0] AndroidManifest.xml:23:5-67
MERGED from [com.google.android.gms:play-services-ads-lite:17.2.0] AndroidManifest.xml:23:5-67
MERGED from [com.google.android.gms:play-services-measurement-sdk-api:16.3.0] AndroidManifest.xml:23:5-67
MERGED from [com.google.android.gms:play-services-measurement-sdk-api:16.3.0] AndroidManifest.xml:23:5-67
	android:name
		ADDED from proj.android-studio\app\AndroidManifest.xml:8:22-64
uses-permission#android.permission.ACCESS_NETWORK_STATE
ADDED from proj.android-studio\app\AndroidManifest.xml:9:5-78
MERGED from [:libcocos2dx] AndroidManifest.xml:11:5-79
MERGED from [:libcocos2dx] AndroidManifest.xml:11:5-79
MERGED from [com.google.android.gms:play-services-ads-lite:17.2.0] AndroidManifest.xml:24:5-79
MERGED from [com.google.android.gms:play-services-ads-lite:17.2.0] AndroidManifest.xml:24:5-79
MERGED from [com.google.android.gms:play-services-measurement-sdk-api:16.3.0] AndroidManifest.xml:24:5-79
MERGED from [com.google.android.gms:play-services-measurement-sdk-api:16.3.0] AndroidManifest.xml:24:5-79
	android:name
		ADDED from proj.android-studio\app\AndroidManifest.xml:9:22-76
uses-permission#android.permission.ACCESS_WIFI_STATE
ADDED from proj.android-studio\app\AndroidManifest.xml:10:5-75
	android:name
		ADDED from proj.android-studio\app\AndroidManifest.xml:10:22-73
application
ADDED from proj.android-studio\app\AndroidManifest.xml:12:5-40:19
MERGED from [com.android.support:customtabs:26.1.0] AndroidManifest.xml:22:5-26:19
MERGED from [com.android.support:customtabs:26.1.0] AndroidManifest.xml:22:5-26:19
MERGED from [com.google.android.gms:play-services-ads-lite:17.2.0] AndroidManifest.xml:26:5-40:19
MERGED from [com.google.android.gms:play-services-ads-lite:17.2.0] AndroidManifest.xml:26:5-40:19
MERGED from [com.google.android.gms:play-services-gass:17.2.0] AndroidManifest.xml:7:5-20
MERGED from [com.google.android.gms:play-services-gass:17.2.0] AndroidManifest.xml:7:5-20
MERGED from [com.google.android.gms:play-services-ads-base:17.2.0] AndroidManifest.xml:7:5-20
MERGED from [com.google.android.gms:play-services-ads-base:17.2.0] AndroidManifest.xml:7:5-20
MERGED from [com.google.android.gms:play-services-ads-identifier:16.0.0] AndroidManifest.xml:22:5-20
MERGED from [com.google.android.gms:play-services-ads-identifier:16.0.0] AndroidManifest.xml:22:5-20
MERGED from [com.google.android.gms:play-services-measurement-sdk-api:16.3.0] AndroidManifest.xml:27:5-28:19
MERGED from [com.google.android.gms:play-services-measurement-sdk-api:16.3.0] AndroidManifest.xml:27:5-28:19
MERGED from [com.google.android.gms:play-services-measurement-base:16.3.0] AndroidManifest.xml:7:5-20
MERGED from [com.google.android.gms:play-services-measurement-base:16.3.0] AndroidManifest.xml:7:5-20
MERGED from [com.google.android.gms:play-services-basement:16.0.1] AndroidManifest.xml:22:5-26:19
MERGED from [com.google.android.gms:play-services-basement:16.0.1] AndroidManifest.xml:22:5-26:19
MERGED from [com.android.support:support-v4:26.1.0] AndroidManifest.xml:25:5-29:19
MERGED from [com.android.support:support-v4:26.1.0] AndroidManifest.xml:25:5-29:19
MERGED from [com.android.support:support-media-compat:26.1.0] AndroidManifest.xml:25:5-29:19
MERGED from [com.android.support:support-media-compat:26.1.0] AndroidManifest.xml:25:5-29:19
MERGED from [com.android.support:support-fragment:26.1.0] AndroidManifest.xml:25:5-29:19
MERGED from [com.android.support:support-fragment:26.1.0] AndroidManifest.xml:25:5-29:19
MERGED from [com.android.support:support-core-utils:26.1.0] AndroidManifest.xml:25:5-29:19
MERGED from [com.android.support:support-core-utils:26.1.0] AndroidManifest.xml:25:5-29:19
MERGED from [com.android.support:support-core-ui:26.1.0] AndroidManifest.xml:25:5-29:19
MERGED from [com.android.support:support-core-ui:26.1.0] AndroidManifest.xml:25:5-29:19
MERGED from [com.android.support:support-compat:26.1.0] AndroidManifest.xml:25:5-29:19
MERGED from [com.android.support:support-compat:26.1.0] AndroidManifest.xml:25:5-29:19
MERGED from [android.arch.lifecycle:runtime:1.0.0] AndroidManifest.xml:24:5-28:19
MERGED from [android.arch.lifecycle:runtime:1.0.0] AndroidManifest.xml:24:5-28:19
	android:label
		ADDED from proj.android-studio\app\AndroidManifest.xml:14:9-41
	android:icon
		ADDED from proj.android-studio\app\AndroidManifest.xml:15:9-43
	android:allowBackup
		ADDED from proj.android-studio\app\AndroidManifest.xml:13:9-35
meta-data#android.app.lib_name
ADDED from proj.android-studio\app\AndroidManifest.xml:18:9-19:48
	android:value
		ADDED from proj.android-studio\app\AndroidManifest.xml:19:20-45
	android:name
		ADDED from proj.android-studio\app\AndroidManifest.xml:18:20-55
meta-data#com.google.android.gms.ads.APPLICATION_ID
ADDED from proj.android-studio\app\AndroidManifest.xml:21:9-23:69
	android:value
		ADDED from proj.android-studio\app\AndroidManifest.xml:23:13-67
	android:name
		ADDED from proj.android-studio\app\AndroidManifest.xml:22:13-69
activity#org.cocos2dx.javascript.AppActivity
ADDED from proj.android-studio\app\AndroidManifest.xml:25:9-39:20
	android:screenOrientation
		ADDED from proj.android-studio\app\AndroidManifest.xml:27:13-56
	android:label
		ADDED from proj.android-studio\app\AndroidManifest.xml:29:13-45
	android:launchMode
		ADDED from proj.android-studio\app\AndroidManifest.xml:32:13-44
	android:configChanges
		ADDED from proj.android-studio\app\AndroidManifest.xml:28:13-74
	android:theme
		ADDED from proj.android-studio\app\AndroidManifest.xml:31:13-71
	android:taskAffinity
		ADDED from proj.android-studio\app\AndroidManifest.xml:33:13-36
	android:usesCleartextTraffic
		ADDED from proj.android-studio\app\AndroidManifest.xml:30:13-48
	android:name
		ADDED from proj.android-studio\app\AndroidManifest.xml:26:13-63
intent-filter#action:name:android.intent.action.MAIN+category:name:android.intent.category.LAUNCHER
ADDED from proj.android-studio\app\AndroidManifest.xml:34:13-38:29
action#android.intent.action.MAIN
ADDED from proj.android-studio\app\AndroidManifest.xml:35:17-69
	android:name
		ADDED from proj.android-studio\app\AndroidManifest.xml:35:25-66
category#android.intent.category.LAUNCHER
ADDED from proj.android-studio\app\AndroidManifest.xml:37:17-77
	android:name
		ADDED from proj.android-studio\app\AndroidManifest.xml:37:27-74
uses-sdk
INJECTED from proj.android-studio\app\AndroidManifest.xml reason: use-sdk injection requested
INJECTED from proj.android-studio\app\AndroidManifest.xml
INJECTED from proj.android-studio\app\AndroidManifest.xml
MERGED from [:libcocos2dx] AndroidManifest.xml:7:5-9:41
MERGED from [:libcocos2dx] AndroidManifest.xml:7:5-9:41
MERGED from [com.google.android.gms:play-services-ads:17.2.0] AndroidManifest.xml:21:5-23:62
MERGED from [com.google.android.gms:play-services-ads:17.2.0] AndroidManifest.xml:21:5-23:62
MERGED from [com.android.support:customtabs:26.1.0] AndroidManifest.xml:20:5-44
MERGED from [com.android.support:customtabs:26.1.0] AndroidManifest.xml:20:5-44
MERGED from [com.google.android.gms:play-services-ads-lite:17.2.0] AndroidManifest.xml:20:5-44
MERGED from [com.google.android.gms:play-services-ads-lite:17.2.0] AndroidManifest.xml:20:5-44
MERGED from [com.google.android.gms:play-services-gass:17.2.0] AndroidManifest.xml:5:5-44
MERGED from [com.google.android.gms:play-services-gass:17.2.0] AndroidManifest.xml:5:5-44
MERGED from [com.google.android.gms:play-services-ads-base:17.2.0] AndroidManifest.xml:5:5-44
MERGED from [com.google.android.gms:play-services-ads-base:17.2.0] AndroidManifest.xml:5:5-44
MERGED from [com.google.android.gms:play-services-ads-identifier:16.0.0] AndroidManifest.xml:20:5-44
MERGED from [com.google.android.gms:play-services-ads-identifier:16.0.0] AndroidManifest.xml:20:5-44
MERGED from [com.google.android.gms:play-services-measurement-sdk-api:16.3.0] AndroidManifest.xml:20:5-44
MERGED from [com.google.android.gms:play-services-measurement-sdk-api:16.3.0] AndroidManifest.xml:20:5-44
MERGED from [com.google.android.gms:play-services-measurement-base:16.3.0] AndroidManifest.xml:5:5-44
MERGED from [com.google.android.gms:play-services-measurement-base:16.3.0] AndroidManifest.xml:5:5-44
MERGED from [com.google.android.gms:play-services-basement:16.0.1] AndroidManifest.xml:20:5-44
MERGED from [com.google.android.gms:play-services-basement:16.0.1] AndroidManifest.xml:20:5-44
MERGED from [com.android.support:support-v4:26.1.0] AndroidManifest.xml:21:5-23:54
MERGED from [com.android.support:support-v4:26.1.0] AndroidManifest.xml:21:5-23:54
MERGED from [com.android.support:support-media-compat:26.1.0] AndroidManifest.xml:21:5-23:63
MERGED from [com.android.support:support-media-compat:26.1.0] AndroidManifest.xml:21:5-23:63
MERGED from [com.android.support:support-fragment:26.1.0] AndroidManifest.xml:21:5-23:60
MERGED from [com.android.support:support-fragment:26.1.0] AndroidManifest.xml:21:5-23:60
MERGED from [com.android.support:support-core-utils:26.1.0] AndroidManifest.xml:21:5-23:61
MERGED from [com.android.support:support-core-utils:26.1.0] AndroidManifest.xml:21:5-23:61
MERGED from [com.android.support:support-core-ui:26.1.0] AndroidManifest.xml:21:5-23:58
MERGED from [com.android.support:support-core-ui:26.1.0] AndroidManifest.xml:21:5-23:58
MERGED from [com.android.support:support-compat:26.1.0] AndroidManifest.xml:21:5-23:58
MERGED from [com.android.support:support-compat:26.1.0] AndroidManifest.xml:21:5-23:58
MERGED from [android.arch.lifecycle:runtime:1.0.0] AndroidManifest.xml:20:5-22:41
MERGED from [android.arch.lifecycle:runtime:1.0.0] AndroidManifest.xml:20:5-22:41
INJECTED from proj.android-studio\app\AndroidManifest.xml
INJECTED from proj.android-studio\app\AndroidManifest.xml
	tools:overrideLibrary
		ADDED from [com.google.android.gms:play-services-ads:17.2.0] AndroidManifest.xml:23:9-59
	android:targetSdkVersion
		INJECTED from proj.android-studio\app\AndroidManifest.xml
		ADDED from proj.android-studio\app\AndroidManifest.xml
		INJECTED from proj.android-studio\app\AndroidManifest.xml
	android:minSdkVersion
		INJECTED from proj.android-studio\app\AndroidManifest.xml
		ADDED from proj.android-studio\app\AndroidManifest.xml
		INJECTED from proj.android-studio\app\AndroidManifest.xml
meta-data#android.support.VERSION
ADDED from [com.android.support:customtabs:26.1.0] AndroidManifest.xml:23:9-25:38
MERGED from [com.android.support:support-v4:26.1.0] AndroidManifest.xml:26:9-28:38
MERGED from [com.android.support:support-v4:26.1.0] AndroidManifest.xml:26:9-28:38
MERGED from [com.android.support:support-media-compat:26.1.0] AndroidManifest.xml:26:9-28:38
MERGED from [com.android.support:support-media-compat:26.1.0] AndroidManifest.xml:26:9-28:38
MERGED from [com.android.support:support-fragment:26.1.0] AndroidManifest.xml:26:9-28:38
MERGED from [com.android.support:support-fragment:26.1.0] AndroidManifest.xml:26:9-28:38
MERGED from [com.android.support:support-core-utils:26.1.0] AndroidManifest.xml:26:9-28:38
MERGED from [com.android.support:support-core-utils:26.1.0] AndroidManifest.xml:26:9-28:38
MERGED from [com.android.support:support-core-ui:26.1.0] AndroidManifest.xml:26:9-28:38
MERGED from [com.android.support:support-core-ui:26.1.0] AndroidManifest.xml:26:9-28:38
MERGED from [com.android.support:support-compat:26.1.0] AndroidManifest.xml:26:9-28:38
MERGED from [com.android.support:support-compat:26.1.0] AndroidManifest.xml:26:9-28:38
	android:value
		ADDED from [com.android.support:customtabs:26.1.0] AndroidManifest.xml:25:13-35
	android:name
		ADDED from [com.android.support:customtabs:26.1.0] AndroidManifest.xml:24:13-51
activity#com.google.android.gms.ads.AdActivity
ADDED from [com.google.android.gms:play-services-ads-lite:17.2.0] AndroidManifest.xml:29:9-33:64
	android:exported
		ADDED from [com.google.android.gms:play-services-ads-lite:17.2.0] AndroidManifest.xml:32:13-37
	android:configChanges
		ADDED from [com.google.android.gms:play-services-ads-lite:17.2.0] AndroidManifest.xml:31:13-122
	android:theme
		ADDED from [com.google.android.gms:play-services-ads-lite:17.2.0] AndroidManifest.xml:33:13-61
	android:name
		ADDED from [com.google.android.gms:play-services-ads-lite:17.2.0] AndroidManifest.xml:30:13-65
provider#com.google.android.gms.ads.MobileAdsInitProvider
ADDED from [com.google.android.gms:play-services-ads-lite:17.2.0] AndroidManifest.xml:35:9-39:39
	android:authorities
		ADDED from [com.google.android.gms:play-services-ads-lite:17.2.0] AndroidManifest.xml:37:13-73
	android:exported
		ADDED from [com.google.android.gms:play-services-ads-lite:17.2.0] AndroidManifest.xml:38:13-37
	android:initOrder
		ADDED from [com.google.android.gms:play-services-ads-lite:17.2.0] AndroidManifest.xml:39:13-36
	android:name
		ADDED from [com.google.android.gms:play-services-ads-lite:17.2.0] AndroidManifest.xml:36:13-76
uses-permission#android.permission.WAKE_LOCK
ADDED from [com.google.android.gms:play-services-measurement-sdk-api:16.3.0] AndroidManifest.xml:25:5-68
	android:name
		ADDED from [com.google.android.gms:play-services-measurement-sdk-api:16.3.0] AndroidManifest.xml:25:22-65
meta-data#com.google.android.gms.version
ADDED from [com.google.android.gms:play-services-basement:16.0.1] AndroidManifest.xml:23:9-25:69
	android:value
		ADDED from [com.google.android.gms:play-services-basement:16.0.1] AndroidManifest.xml:25:13-66
	android:name
		ADDED from [com.google.android.gms:play-services-basement:16.0.1] AndroidManifest.xml:24:13-58
meta-data#android.arch.lifecycle.VERSION
ADDED from [android.arch.lifecycle:runtime:1.0.0] AndroidManifest.xml:25:9-27:47
	android:value
		ADDED from [android.arch.lifecycle:runtime:1.0.0] AndroidManifest.xml:27:13-44
	android:name
		ADDED from [android.arch.lifecycle:runtime:1.0.0] AndroidManifest.xml:26:13-58